-------------------------------------------------------------------------------
Test set: com.task.ibm.Payroll.PayrollApplicationTests
-------------------------------------------------------------------------------
Tests run: 1, Failures: 0, Errors: 1, Skipped: 0, Time elapsed: 0.472 s <<< FAILURE! - in com.task.ibm.Payroll.PayrollApplicationTests
com.task.ibm.Payroll.PayrollApplicationTests  Time elapsed: 0.469 s  <<< ERROR!
java.lang.IllegalStateException: Unable to find a @SpringBootConfiguration, you need to use @ContextConfiguration or @SpringBootTest(classes=...) with your test

